Containers: 1
 Running: 0
 Paused: 0
 Stopped: 1
Images: 1
Server Version: 18.09.0
Storage Driver: overlay2
 Backing Filesystem: extfs
 Supports d_type: true
 Native Overlay Diff: true
Logging Driver: json-file
Cgroup Driver: cgroupfs
Plugins:
 Volume: local
 Network: bridge host macvlan null overlay
 Log: awslogs fluentd gcplogs gelf journald json-file local logentries splunk syslog
Swarm: inactive
Runtimes: runc
Default Runtime: runc
Init Binary: docker-init
containerd version: bb71b10fd8f58240ca47fbb579b9d1028eea7c84
runc version: 2b18fe1d885ee5083ef9f0838fee39b62d653e30
init version: fec3683
Security Options:
 seccomp
  Profile: default
Kernel Version: 4.9.80-v7+
Operating System: Raspbian GNU/Linux 9 (stretch)
OSType: linux
Architecture: armv7l
CPUs: 4
Total Memory: 927.3MiB
Name: raspberrypi
ID: 6CWW:DW6C:ECYE:FA57:NMZM:QGJG:JS6C:CXMT:EZL5:AWSB:GKBY:GOXB
Docker Root Dir: /var/lib/docker
Debug Mode (client): false
Debug Mode (server): false
Registry: https://index.docker.io/v1/
Labels:
Experimental: false
Insecure Registries:
 127.0.0.0/8
Live Restore Enabled: false
Product License: Community Engine

